nohup: ignoring input
<class 'torch.nn.parameter.Parameter'> torch.Size([64, 64])
<class 'torch.nn.parameter.Parameter'> torch.Size([64])
<class 'torch.nn.parameter.Parameter'> torch.Size([64, 2])
<class 'torch.nn.parameter.Parameter'> torch.Size([2])
train/dev/test:  tensor(1000) tensor(26836) tensor(10000)
[0 0 0 ... 0 0 0]
10000 10000
In epoch 0, loss: 0.696, val f1: 0.287 (best 0.287), test f1: 0.462 (best 0.462, M 0.687, R 0.785, P 0.328)
[0 0 0 ... 0 0 0]
10000 10000
In epoch 1, loss: 0.594, val f1: 0.250 (best 0.287), test f1: 0.423 (best 0.462, M 0.687, R 0.785, P 0.328)
[0 0 0 ... 0 0 0]
10000 10000
In epoch 2, loss: 0.532, val f1: 0.256 (best 0.287), test f1: 0.433 (best 0.462, M 0.687, R 0.785, P 0.328)
[0 0 0 ... 0 0 0]
10000 10000
In epoch 3, loss: 0.492, val f1: 0.264 (best 0.287), test f1: 0.440 (best 0.462, M 0.687, R 0.785, P 0.328)
[0 0 0 ... 0 0 0]
10000 10000
In epoch 4, loss: 0.463, val f1: 0.273 (best 0.287), test f1: 0.449 (best 0.462, M 0.687, R 0.785, P 0.328)
[0 0 0 ... 0 0 0]
10000 10000
In epoch 5, loss: 0.443, val f1: 0.285 (best 0.287), test f1: 0.466 (best 0.462, M 0.687, R 0.785, P 0.328)
[0 0 0 ... 0 0 0]
10000 10000
In epoch 6, loss: 0.433, val f1: 0.300 (best 0.300), test f1: 0.483 (best 0.483, M 0.702, R 0.779, P 0.350)
[0 0 0 ... 0 0 0]
10000 10000
In epoch 7, loss: 0.427, val f1: 0.309 (best 0.309), test f1: 0.493 (best 0.493, M 0.708, R 0.778, P 0.360)
[0 0 0 ... 0 0 0]
10000 10000
In epoch 8, loss: 0.428, val f1: 0.313 (best 0.313), test f1: 0.494 (best 0.494, M 0.709, R 0.778, P 0.362)
[0 0 0 ... 0 0 0]
10000 10000
In epoch 9, loss: 0.421, val f1: 0.314 (best 0.314), test f1: 0.495 (best 0.495, M 0.709, R 0.779, P 0.362)
[0 0 0 ... 0 0 0]
10000 10000
In epoch 10, loss: 0.417, val f1: 0.315 (best 0.315), test f1: 0.495 (best 0.495, M 0.710, R 0.781, P 0.362)
[0 0 0 ... 0 0 0]
10000 10000
In epoch 11, loss: 0.414, val f1: 0.318 (best 0.318), test f1: 0.498 (best 0.498, M 0.711, R 0.784, P 0.364)
[0 0 0 ... 0 0 0]
10000 10000
In epoch 12, loss: 0.417, val f1: 0.330 (best 0.330), test f1: 0.509 (best 0.509, M 0.719, R 0.783, P 0.378)
[0 0 0 ... 0 0 0]
10000 10000
In epoch 13, loss: 0.411, val f1: 0.343 (best 0.343), test f1: 0.522 (best 0.522, M 0.727, R 0.784, P 0.392)
[0 0 0 ... 0 0 0]
10000 10000
In epoch 14, loss: 0.402, val f1: 0.360 (best 0.360), test f1: 0.538 (best 0.538, M 0.737, R 0.784, P 0.409)
[0 0 0 ... 0 0 0]
10000 10000
In epoch 15, loss: 0.399, val f1: 0.374 (best 0.374), test f1: 0.550 (best 0.550, M 0.745, R 0.784, P 0.424)
[0 0 0 ... 0 0 0]
10000 10000
In epoch 16, loss: 0.390, val f1: 0.387 (best 0.387), test f1: 0.557 (best 0.557, M 0.749, R 0.786, P 0.431)
[0 0 0 ... 0 0 0]
10000 10000
In epoch 17, loss: 0.380, val f1: 0.400 (best 0.400), test f1: 0.565 (best 0.565, M 0.754, R 0.790, P 0.440)
[0 0 0 ... 0 0 0]
10000 10000
In epoch 18, loss: 0.376, val f1: 0.410 (best 0.410), test f1: 0.572 (best 0.572, M 0.759, R 0.791, P 0.448)
[0 0 0 ... 0 0 0]
10000 10000
In epoch 19, loss: 0.370, val f1: 0.410 (best 0.410), test f1: 0.570 (best 0.570, M 0.757, R 0.797, P 0.444)
[0 0 0 ... 0 0 0]
10000 10000
In epoch 20, loss: 0.361, val f1: 0.411 (best 0.411), test f1: 0.571 (best 0.571, M 0.757, R 0.804, P 0.442)
[0 0 0 ... 0 0 0]
10000 10000
In epoch 21, loss: 0.353, val f1: 0.421 (best 0.421), test f1: 0.577 (best 0.577, M 0.761, R 0.809, P 0.449)
[0 0 0 ... 0 0 0]
10000 10000
In epoch 22, loss: 0.348, val f1: 0.453 (best 0.453), test f1: 0.598 (best 0.598, M 0.774, R 0.803, P 0.476)
[0 0 0 ... 0 0 0]
10000 10000
In epoch 23, loss: 0.347, val f1: 0.485 (best 0.485), test f1: 0.615 (best 0.615, M 0.784, R 0.793, P 0.502)
[0 0 0 ... 0 0 0]
10000 10000
In epoch 24, loss: 0.340, val f1: 0.495 (best 0.495), test f1: 0.621 (best 0.621, M 0.788, R 0.792, P 0.510)
[0 0 0 ... 0 0 0]
10000 10000
In epoch 25, loss: 0.338, val f1: 0.484 (best 0.495), test f1: 0.615 (best 0.621, M 0.788, R 0.792, P 0.510)
[0 0 0 ... 0 0 0]
10000 10000
In epoch 26, loss: 0.329, val f1: 0.470 (best 0.495), test f1: 0.610 (best 0.621, M 0.788, R 0.792, P 0.510)
[0 0 0 ... 0 0 0]
10000 10000
In epoch 27, loss: 0.327, val f1: 0.462 (best 0.495), test f1: 0.606 (best 0.621, M 0.788, R 0.792, P 0.510)
[0 0 0 ... 0 0 0]
10000 10000
In epoch 28, loss: 0.319, val f1: 0.463 (best 0.495), test f1: 0.607 (best 0.621, M 0.788, R 0.792, P 0.510)
[0 0 0 ... 0 0 0]
10000 10000
In epoch 29, loss: 0.317, val f1: 0.469 (best 0.495), test f1: 0.610 (best 0.621, M 0.788, R 0.792, P 0.510)
[0 0 0 ... 0 0 0]
10000 10000
In epoch 30, loss: 0.312, val f1: 0.474 (best 0.495), test f1: 0.613 (best 0.621, M 0.788, R 0.792, P 0.510)
[0 0 0 ... 0 0 0]
10000 10000
In epoch 31, loss: 0.308, val f1: 0.475 (best 0.495), test f1: 0.610 (best 0.621, M 0.788, R 0.792, P 0.510)
[0 0 0 ... 0 0 0]
10000 10000
In epoch 32, loss: 0.309, val f1: 0.469 (best 0.495), test f1: 0.608 (best 0.621, M 0.788, R 0.792, P 0.510)
[0 0 0 ... 0 0 0]
10000 10000
In epoch 33, loss: 0.303, val f1: 0.455 (best 0.495), test f1: 0.601 (best 0.621, M 0.788, R 0.792, P 0.510)
[0 0 0 ... 0 0 0]
10000 10000
In epoch 34, loss: 0.303, val f1: 0.447 (best 0.495), test f1: 0.596 (best 0.621, M 0.788, R 0.792, P 0.510)
[0 0 0 ... 0 0 0]
10000 10000
In epoch 35, loss: 0.296, val f1: 0.457 (best 0.495), test f1: 0.596 (best 0.621, M 0.788, R 0.792, P 0.510)
[0 0 0 ... 0 0 0]
10000 10000
In epoch 36, loss: 0.292, val f1: 0.467 (best 0.495), test f1: 0.601 (best 0.621, M 0.788, R 0.792, P 0.510)
[0 0 0 ... 0 0 0]
10000 10000
In epoch 37, loss: 0.290, val f1: 0.473 (best 0.495), test f1: 0.606 (best 0.621, M 0.788, R 0.792, P 0.510)
[0 0 0 ... 0 0 0]
10000 10000
In epoch 38, loss: 0.291, val f1: 0.468 (best 0.495), test f1: 0.602 (best 0.621, M 0.788, R 0.792, P 0.510)
[0 0 0 ... 0 0 0]
10000 10000
In epoch 39, loss: 0.281, val f1: 0.455 (best 0.495), test f1: 0.593 (best 0.621, M 0.788, R 0.792, P 0.510)
[0 0 0 ... 0 0 0]
10000 10000
In epoch 40, loss: 0.276, val f1: 0.441 (best 0.495), test f1: 0.583 (best 0.621, M 0.788, R 0.792, P 0.510)
[0 0 0 ... 0 0 0]
10000 10000
In epoch 41, loss: 0.275, val f1: 0.435 (best 0.495), test f1: 0.578 (best 0.621, M 0.788, R 0.792, P 0.510)
[0 0 0 ... 0 0 0]
10000 10000
In epoch 42, loss: 0.278, val f1: 0.439 (best 0.495), test f1: 0.580 (best 0.621, M 0.788, R 0.792, P 0.510)
[0 0 0 ... 0 0 0]
10000 10000
In epoch 43, loss: 0.276, val f1: 0.452 (best 0.495), test f1: 0.585 (best 0.621, M 0.788, R 0.792, P 0.510)
[0 0 0 ... 0 0 0]
10000 10000
In epoch 44, loss: 0.275, val f1: 0.456 (best 0.495), test f1: 0.588 (best 0.621, M 0.788, R 0.792, P 0.510)
[0 0 0 ... 0 0 0]
10000 10000
In epoch 45, loss: 0.267, val f1: 0.458 (best 0.495), test f1: 0.587 (best 0.621, M 0.788, R 0.792, P 0.510)
[0 0 0 ... 0 0 0]
10000 10000
In epoch 46, loss: 0.266, val f1: 0.443 (best 0.495), test f1: 0.575 (best 0.621, M 0.788, R 0.792, P 0.510)
[0 0 0 ... 0 0 0]
10000 10000
In epoch 47, loss: 0.262, val f1: 0.429 (best 0.495), test f1: 0.564 (best 0.621, M 0.788, R 0.792, P 0.510)
[0 0 0 ... 0 0 0]
10000 10000
In epoch 48, loss: 0.270, val f1: 0.432 (best 0.495), test f1: 0.562 (best 0.621, M 0.788, R 0.792, P 0.510)
[0 0 0 ... 0 0 0]
10000 10000
In epoch 49, loss: 0.253, val f1: 0.458 (best 0.495), test f1: 0.582 (best 0.621, M 0.788, R 0.792, P 0.510)
[0 0 0 ... 0 0 0]
10000 10000
In epoch 50, loss: 0.258, val f1: 0.466 (best 0.495), test f1: 0.590 (best 0.621, M 0.788, R 0.792, P 0.510)
[0 0 0 ... 0 0 0]
10000 10000
In epoch 51, loss: 0.247, val f1: 0.485 (best 0.495), test f1: 0.599 (best 0.621, M 0.788, R 0.792, P 0.510)
[0 0 0 ... 0 0 0]
10000 10000
In epoch 52, loss: 0.249, val f1: 0.471 (best 0.495), test f1: 0.588 (best 0.621, M 0.788, R 0.792, P 0.510)
[0 0 0 ... 0 0 0]
10000 10000
In epoch 53, loss: 0.247, val f1: 0.464 (best 0.495), test f1: 0.583 (best 0.621, M 0.788, R 0.792, P 0.510)
[0 0 0 ... 0 0 0]
10000 10000
In epoch 54, loss: 0.254, val f1: 0.464 (best 0.495), test f1: 0.583 (best 0.621, M 0.788, R 0.792, P 0.510)
[0 0 0 ... 0 0 0]
10000 10000
In epoch 55, loss: 0.239, val f1: 0.461 (best 0.495), test f1: 0.578 (best 0.621, M 0.788, R 0.792, P 0.510)
[0 0 0 ... 0 0 0]
10000 10000
In epoch 56, loss: 0.243, val f1: 0.445 (best 0.495), test f1: 0.571 (best 0.621, M 0.788, R 0.792, P 0.510)
[0 0 0 ... 0 0 0]
10000 10000
In epoch 57, loss: 0.234, val f1: 0.449 (best 0.495), test f1: 0.573 (best 0.621, M 0.788, R 0.792, P 0.510)
[0 0 0 ... 0 0 0]
10000 10000
In epoch 58, loss: 0.241, val f1: 0.458 (best 0.495), test f1: 0.579 (best 0.621, M 0.788, R 0.792, P 0.510)
[0 0 0 ... 0 0 0]
10000 10000
In epoch 59, loss: 0.239, val f1: 0.458 (best 0.495), test f1: 0.579 (best 0.621, M 0.788, R 0.792, P 0.510)
[0 0 0 ... 0 0 0]
10000 10000
In epoch 60, loss: 0.237, val f1: 0.427 (best 0.495), test f1: 0.553 (best 0.621, M 0.788, R 0.792, P 0.510)
[0 0 0 ... 0 0 0]
10000 10000
In epoch 61, loss: 0.235, val f1: 0.413 (best 0.495), test f1: 0.541 (best 0.621, M 0.788, R 0.792, P 0.510)
[0 0 0 ... 0 0 0]
10000 10000
In epoch 62, loss: 0.227, val f1: 0.436 (best 0.495), test f1: 0.559 (best 0.621, M 0.788, R 0.792, P 0.510)
[0 0 0 ... 0 0 0]
10000 10000
In epoch 63, loss: 0.229, val f1: 0.472 (best 0.495), test f1: 0.584 (best 0.621, M 0.788, R 0.792, P 0.510)
[0 0 0 ... 0 0 0]
10000 10000
In epoch 64, loss: 0.227, val f1: 0.483 (best 0.495), test f1: 0.593 (best 0.621, M 0.788, R 0.792, P 0.510)
[0 0 0 ... 0 0 0]
10000 10000
In epoch 65, loss: 0.231, val f1: 0.439 (best 0.495), test f1: 0.561 (best 0.621, M 0.788, R 0.792, P 0.510)
[0 0 0 ... 0 0 0]
10000 10000
In epoch 66, loss: 0.221, val f1: 0.416 (best 0.495), test f1: 0.543 (best 0.621, M 0.788, R 0.792, P 0.510)
[0 0 0 ... 0 0 0]
10000 10000
In epoch 67, loss: 0.237, val f1: 0.432 (best 0.495), test f1: 0.554 (best 0.621, M 0.788, R 0.792, P 0.510)
[0 0 0 ... 0 0 0]
10000 10000
In epoch 68, loss: 0.223, val f1: 0.455 (best 0.495), test f1: 0.572 (best 0.621, M 0.788, R 0.792, P 0.510)
[0 0 0 ... 0 0 0]
10000 10000
In epoch 69, loss: 0.219, val f1: 0.464 (best 0.495), test f1: 0.578 (best 0.621, M 0.788, R 0.792, P 0.510)
[0 0 0 ... 0 0 0]
10000 10000
In epoch 70, loss: 0.221, val f1: 0.436 (best 0.495), test f1: 0.552 (best 0.621, M 0.788, R 0.792, P 0.510)
[0 0 0 ... 0 0 0]
10000 10000
In epoch 71, loss: 0.219, val f1: 0.420 (best 0.495), test f1: 0.539 (best 0.621, M 0.788, R 0.792, P 0.510)
[0 0 0 ... 0 0 0]
10000 10000
In epoch 72, loss: 0.214, val f1: 0.435 (best 0.495), test f1: 0.550 (best 0.621, M 0.788, R 0.792, P 0.510)
[0 0 0 ... 0 0 0]
10000 10000
In epoch 73, loss: 0.217, val f1: 0.462 (best 0.495), test f1: 0.575 (best 0.621, M 0.788, R 0.792, P 0.510)
[0 0 0 ... 0 0 0]
10000 10000
In epoch 74, loss: 0.225, val f1: 0.484 (best 0.495), test f1: 0.592 (best 0.621, M 0.788, R 0.792, P 0.510)
[0 0 0 ... 0 0 0]
10000 10000
In epoch 75, loss: 0.219, val f1: 0.444 (best 0.495), test f1: 0.556 (best 0.621, M 0.788, R 0.792, P 0.510)
[0 0 0 ... 0 0 0]
10000 10000
In epoch 76, loss: 0.215, val f1: 0.416 (best 0.495), test f1: 0.535 (best 0.621, M 0.788, R 0.792, P 0.510)
[0 0 0 ... 0 0 0]
10000 10000
In epoch 77, loss: 0.215, val f1: 0.431 (best 0.495), test f1: 0.549 (best 0.621, M 0.788, R 0.792, P 0.510)
[0 0 0 ... 0 0 0]
10000 10000
In epoch 78, loss: 0.206, val f1: 0.466 (best 0.495), test f1: 0.576 (best 0.621, M 0.788, R 0.792, P 0.510)
[0 0 0 ... 0 0 0]
10000 10000
In epoch 79, loss: 0.209, val f1: 0.472 (best 0.495), test f1: 0.583 (best 0.621, M 0.788, R 0.792, P 0.510)
[0 0 0 ... 0 0 0]
10000 10000
In epoch 80, loss: 0.214, val f1: 0.447 (best 0.495), test f1: 0.568 (best 0.621, M 0.788, R 0.792, P 0.510)
[0 0 0 ... 0 0 0]
10000 10000
In epoch 81, loss: 0.209, val f1: 0.426 (best 0.495), test f1: 0.551 (best 0.621, M 0.788, R 0.792, P 0.510)
[0 0 0 ... 0 0 0]
10000 10000
In epoch 82, loss: 0.200, val f1: 0.438 (best 0.495), test f1: 0.560 (best 0.621, M 0.788, R 0.792, P 0.510)
[0 0 0 ... 0 0 0]
10000 10000
In epoch 83, loss: 0.211, val f1: 0.451 (best 0.495), test f1: 0.570 (best 0.621, M 0.788, R 0.792, P 0.510)
[0 0 0 ... 0 0 0]
10000 10000
In epoch 84, loss: 0.210, val f1: 0.445 (best 0.495), test f1: 0.566 (best 0.621, M 0.788, R 0.792, P 0.510)
[0 0 0 ... 0 0 0]
10000 10000
In epoch 85, loss: 0.203, val f1: 0.443 (best 0.495), test f1: 0.564 (best 0.621, M 0.788, R 0.792, P 0.510)
[0 0 0 ... 0 0 0]
10000 10000
In epoch 86, loss: 0.201, val f1: 0.433 (best 0.495), test f1: 0.554 (best 0.621, M 0.788, R 0.792, P 0.510)
[0 0 0 ... 0 0 0]
10000 10000
In epoch 87, loss: 0.205, val f1: 0.436 (best 0.495), test f1: 0.556 (best 0.621, M 0.788, R 0.792, P 0.510)
[0 0 0 ... 0 0 0]
10000 10000
In epoch 88, loss: 0.197, val f1: 0.455 (best 0.495), test f1: 0.572 (best 0.621, M 0.788, R 0.792, P 0.510)
[0 0 0 ... 0 0 0]
10000 10000
In epoch 89, loss: 0.201, val f1: 0.453 (best 0.495), test f1: 0.571 (best 0.621, M 0.788, R 0.792, P 0.510)
[0 0 0 ... 0 0 0]
10000 10000
In epoch 90, loss: 0.197, val f1: 0.428 (best 0.495), test f1: 0.551 (best 0.621, M 0.788, R 0.792, P 0.510)
[0 0 0 ... 0 0 0]
10000 10000
In epoch 91, loss: 0.199, val f1: 0.422 (best 0.495), test f1: 0.547 (best 0.621, M 0.788, R 0.792, P 0.510)
[0 0 0 ... 0 0 0]
10000 10000
In epoch 92, loss: 0.197, val f1: 0.446 (best 0.495), test f1: 0.566 (best 0.621, M 0.788, R 0.792, P 0.510)
[0 0 0 ... 0 0 0]
10000 10000
In epoch 93, loss: 0.197, val f1: 0.468 (best 0.495), test f1: 0.585 (best 0.621, M 0.788, R 0.792, P 0.510)
[0 0 0 ... 0 0 0]
10000 10000
In epoch 94, loss: 0.208, val f1: 0.458 (best 0.495), test f1: 0.576 (best 0.621, M 0.788, R 0.792, P 0.510)
[0 0 0 ... 0 0 0]
10000 10000
In epoch 95, loss: 0.196, val f1: 0.431 (best 0.495), test f1: 0.553 (best 0.621, M 0.788, R 0.792, P 0.510)
[0 0 0 ... 0 0 0]
10000 10000
In epoch 96, loss: 0.201, val f1: 0.427 (best 0.495), test f1: 0.549 (best 0.621, M 0.788, R 0.792, P 0.510)
[0 0 0 ... 0 0 0]
10000 10000
In epoch 97, loss: 0.199, val f1: 0.456 (best 0.495), test f1: 0.573 (best 0.621, M 0.788, R 0.792, P 0.510)
[0 0 0 ... 0 0 0]
10000 10000
In epoch 98, loss: 0.186, val f1: 0.483 (best 0.495), test f1: 0.597 (best 0.621, M 0.788, R 0.792, P 0.510)
[0 0 0 ... 0 0 0]
10000 10000
In epoch 99, loss: 0.206, val f1: 0.444 (best 0.495), test f1: 0.564 (best 0.621, M 0.788, R 0.792, P 0.510)
[0 0 0 ... 0 0 0]
10000 10000
In epoch 100, loss: 0.197, val f1: 0.414 (best 0.495), test f1: 0.540 (best 0.621, M 0.788, R 0.792, P 0.510)
[0 0 0 ... 0 0 0]
10000 10000
In epoch 101, loss: 0.208, val f1: 0.436 (best 0.495), test f1: 0.557 (best 0.621, M 0.788, R 0.792, P 0.510)
[0 0 0 ... 0 0 0]
10000 10000
In epoch 102, loss: 0.195, val f1: 0.485 (best 0.495), test f1: 0.601 (best 0.621, M 0.788, R 0.792, P 0.510)
[0 0 0 ... 0 0 0]
10000 10000
In epoch 103, loss: 0.192, val f1: 0.480 (best 0.495), test f1: 0.598 (best 0.621, M 0.788, R 0.792, P 0.510)
[0 0 0 ... 0 0 0]
10000 10000
In epoch 104, loss: 0.199, val f1: 0.433 (best 0.495), test f1: 0.558 (best 0.621, M 0.788, R 0.792, P 0.510)
[0 0 0 ... 0 0 0]
10000 10000
In epoch 105, loss: 0.197, val f1: 0.418 (best 0.495), test f1: 0.547 (best 0.621, M 0.788, R 0.792, P 0.510)
[0 0 0 ... 0 0 0]
10000 10000
In epoch 106, loss: 0.194, val f1: 0.433 (best 0.495), test f1: 0.560 (best 0.621, M 0.788, R 0.792, P 0.510)
[0 0 0 ... 0 0 0]
10000 10000
In epoch 107, loss: 0.188, val f1: 0.470 (best 0.495), test f1: 0.592 (best 0.621, M 0.788, R 0.792, P 0.510)
[0 0 0 ... 0 0 0]
10000 10000
In epoch 108, loss: 0.201, val f1: 0.459 (best 0.495), test f1: 0.583 (best 0.621, M 0.788, R 0.792, P 0.510)
[0 0 0 ... 0 0 0]
10000 10000
In epoch 109, loss: 0.186, val f1: 0.464 (best 0.495), test f1: 0.587 (best 0.621, M 0.788, R 0.792, P 0.510)
[0 0 0 ... 0 0 0]
10000 10000
In epoch 110, loss: 0.178, val f1: 0.465 (best 0.495), test f1: 0.588 (best 0.621, M 0.788, R 0.792, P 0.510)
[0 0 0 ... 0 0 0]
10000 10000
In epoch 111, loss: 0.189, val f1: 0.451 (best 0.495), test f1: 0.576 (best 0.621, M 0.788, R 0.792, P 0.510)
[0 0 0 ... 0 0 0]
10000 10000
In epoch 112, loss: 0.192, val f1: 0.436 (best 0.495), test f1: 0.561 (best 0.621, M 0.788, R 0.792, P 0.510)
[0 0 0 ... 0 0 0]
10000 10000
In epoch 113, loss: 0.185, val f1: 0.443 (best 0.495), test f1: 0.566 (best 0.621, M 0.788, R 0.792, P 0.510)
[0 0 0 ... 0 0 0]
10000 10000
In epoch 114, loss: 0.193, val f1: 0.460 (best 0.495), test f1: 0.581 (best 0.621, M 0.788, R 0.792, P 0.510)
[0 0 0 ... 0 0 0]
10000 10000
In epoch 115, loss: 0.181, val f1: 0.477 (best 0.495), test f1: 0.594 (best 0.621, M 0.788, R 0.792, P 0.510)
[0 0 0 ... 0 0 0]
10000 10000
In epoch 116, loss: 0.193, val f1: 0.444 (best 0.495), test f1: 0.568 (best 0.621, M 0.788, R 0.792, P 0.510)
[0 0 0 ... 0 0 0]
10000 10000
In epoch 117, loss: 0.189, val f1: 0.432 (best 0.495), test f1: 0.559 (best 0.621, M 0.788, R 0.792, P 0.510)
[0 0 0 ... 0 0 0]
10000 10000
In epoch 118, loss: 0.187, val f1: 0.444 (best 0.495), test f1: 0.571 (best 0.621, M 0.788, R 0.792, P 0.510)
[0 0 0 ... 0 0 0]
10000 10000
In epoch 119, loss: 0.188, val f1: 0.457 (best 0.495), test f1: 0.580 (best 0.621, M 0.788, R 0.792, P 0.510)
[0 0 0 ... 0 0 0]
10000 10000
In epoch 120, loss: 0.181, val f1: 0.478 (best 0.495), test f1: 0.600 (best 0.621, M 0.788, R 0.792, P 0.510)
[0 0 0 ... 0 0 0]
10000 10000
In epoch 121, loss: 0.185, val f1: 0.476 (best 0.495), test f1: 0.598 (best 0.621, M 0.788, R 0.792, P 0.510)
[0 0 0 ... 0 0 0]
10000 10000
In epoch 122, loss: 0.174, val f1: 0.444 (best 0.495), test f1: 0.574 (best 0.621, M 0.788, R 0.792, P 0.510)
[0 0 0 ... 0 0 0]
10000 10000
In epoch 123, loss: 0.183, val f1: 0.439 (best 0.495), test f1: 0.570 (best 0.621, M 0.788, R 0.792, P 0.510)
[0 0 0 ... 0 0 0]
10000 10000
In epoch 124, loss: 0.186, val f1: 0.461 (best 0.495), test f1: 0.590 (best 0.621, M 0.788, R 0.792, P 0.510)
[0 0 0 ... 0 0 0]
10000 10000
In epoch 125, loss: 0.182, val f1: 0.481 (best 0.495), test f1: 0.607 (best 0.621, M 0.788, R 0.792, P 0.510)
[0 0 0 ... 0 0 0]
10000 10000
In epoch 126, loss: 0.182, val f1: 0.483 (best 0.495), test f1: 0.612 (best 0.621, M 0.788, R 0.792, P 0.510)
[0 0 0 ... 0 0 0]
10000 10000
In epoch 127, loss: 0.174, val f1: 0.462 (best 0.495), test f1: 0.594 (best 0.621, M 0.788, R 0.792, P 0.510)
[0 0 0 ... 0 0 0]
10000 10000
In epoch 128, loss: 0.177, val f1: 0.447 (best 0.495), test f1: 0.583 (best 0.621, M 0.788, R 0.792, P 0.510)
[0 0 0 ... 0 0 0]
10000 10000
In epoch 129, loss: 0.171, val f1: 0.452 (best 0.495), test f1: 0.588 (best 0.621, M 0.788, R 0.792, P 0.510)
[0 0 0 ... 0 0 0]
10000 10000
In epoch 130, loss: 0.176, val f1: 0.472 (best 0.495), test f1: 0.606 (best 0.621, M 0.788, R 0.792, P 0.510)
[0 0 0 ... 0 0 0]
10000 10000
In epoch 131, loss: 0.175, val f1: 0.496 (best 0.496), test f1: 0.620 (best 0.620, M 0.786, R 0.844, P 0.490)
[0 0 0 ... 0 0 0]
10000 10000
In epoch 132, loss: 0.183, val f1: 0.475 (best 0.496), test f1: 0.608 (best 0.620, M 0.786, R 0.844, P 0.490)
[0 0 0 ... 0 0 0]
10000 10000
In epoch 133, loss: 0.174, val f1: 0.457 (best 0.496), test f1: 0.591 (best 0.620, M 0.786, R 0.844, P 0.490)
[0 0 0 ... 0 0 0]
10000 10000
In epoch 134, loss: 0.168, val f1: 0.457 (best 0.496), test f1: 0.592 (best 0.620, M 0.786, R 0.844, P 0.490)
[0 0 0 ... 0 0 0]
10000 10000
In epoch 135, loss: 0.172, val f1: 0.465 (best 0.496), test f1: 0.600 (best 0.620, M 0.786, R 0.844, P 0.490)
[0 0 0 ... 0 0 0]
10000 10000
In epoch 136, loss: 0.176, val f1: 0.462 (best 0.496), test f1: 0.598 (best 0.620, M 0.786, R 0.844, P 0.490)
[0 0 0 ... 0 0 0]
10000 10000
In epoch 137, loss: 0.172, val f1: 0.486 (best 0.496), test f1: 0.617 (best 0.620, M 0.786, R 0.844, P 0.490)
[0 0 0 ... 0 0 0]
10000 10000
In epoch 138, loss: 0.175, val f1: 0.464 (best 0.496), test f1: 0.603 (best 0.620, M 0.786, R 0.844, P 0.490)
[0 0 0 ... 0 0 0]
10000 10000
In epoch 139, loss: 0.170, val f1: 0.423 (best 0.496), test f1: 0.569 (best 0.620, M 0.786, R 0.844, P 0.490)
[0 0 0 ... 0 0 0]
10000 10000
In epoch 140, loss: 0.171, val f1: 0.459 (best 0.496), test f1: 0.596 (best 0.620, M 0.786, R 0.844, P 0.490)
[0 0 0 ... 0 0 0]
10000 10000
In epoch 141, loss: 0.170, val f1: 0.526 (best 0.526), test f1: 0.644 (best 0.644, M 0.801, R 0.841, P 0.522)
[0 0 0 ... 0 0 0]
10000 10000
In epoch 142, loss: 0.173, val f1: 0.515 (best 0.526), test f1: 0.637 (best 0.644, M 0.801, R 0.841, P 0.522)
[0 0 0 ... 0 0 0]
10000 10000
In epoch 143, loss: 0.168, val f1: 0.457 (best 0.526), test f1: 0.595 (best 0.644, M 0.801, R 0.841, P 0.522)
[0 0 0 ... 0 0 0]
10000 10000
In epoch 144, loss: 0.165, val f1: 0.424 (best 0.526), test f1: 0.569 (best 0.644, M 0.801, R 0.841, P 0.522)
[0 0 0 ... 0 0 0]
10000 10000
In epoch 145, loss: 0.174, val f1: 0.466 (best 0.526), test f1: 0.602 (best 0.644, M 0.801, R 0.841, P 0.522)
[0 0 0 ... 0 0 0]
10000 10000
In epoch 146, loss: 0.170, val f1: 0.543 (best 0.543), test f1: 0.651 (best 0.651, M 0.804, R 0.839, P 0.531)
[0 0 0 ... 0 0 0]
10000 10000
In epoch 147, loss: 0.171, val f1: 0.558 (best 0.558), test f1: 0.662 (best 0.662, M 0.811, R 0.836, P 0.548)
[0 0 0 ... 0 0 0]
10000 10000
In epoch 148, loss: 0.188, val f1: 0.445 (best 0.558), test f1: 0.586 (best 0.662, M 0.811, R 0.836, P 0.548)
[0 0 0 ... 0 0 0]
10000 10000
In epoch 149, loss: 0.166, val f1: 0.381 (best 0.558), test f1: 0.539 (best 0.662, M 0.811, R 0.836, P 0.548)
[0 0 0 ... 0 0 0]
10000 10000
In epoch 150, loss: 0.187, val f1: 0.421 (best 0.558), test f1: 0.565 (best 0.662, M 0.811, R 0.836, P 0.548)
[0 0 0 ... 0 0 0]
10000 10000
In epoch 151, loss: 0.169, val f1: 0.519 (best 0.558), test f1: 0.634 (best 0.662, M 0.811, R 0.836, P 0.548)
[0 0 0 ... 0 0 0]
10000 10000
In epoch 152, loss: 0.162, val f1: 0.584 (best 0.584), test f1: 0.682 (best 0.682, M 0.823, R 0.830, P 0.578)
[0 0 0 ... 0 0 0]
10000 10000
In epoch 153, loss: 0.183, val f1: 0.541 (best 0.584), test f1: 0.652 (best 0.682, M 0.823, R 0.830, P 0.578)
[0 0 0 ... 0 0 0]
10000 10000
In epoch 154, loss: 0.164, val f1: 0.463 (best 0.584), test f1: 0.602 (best 0.682, M 0.823, R 0.830, P 0.578)
[0 0 0 ... 0 0 0]
10000 10000
In epoch 155, loss: 0.162, val f1: 0.420 (best 0.584), test f1: 0.569 (best 0.682, M 0.823, R 0.830, P 0.578)
[0 0 0 ... 0 0 0]
10000 10000
In epoch 156, loss: 0.162, val f1: 0.439 (best 0.584), test f1: 0.586 (best 0.682, M 0.823, R 0.830, P 0.578)
[0 0 0 ... 0 0 0]
10000 10000
In epoch 157, loss: 0.167, val f1: 0.503 (best 0.584), test f1: 0.635 (best 0.682, M 0.823, R 0.830, P 0.578)
[0 0 0 ... 0 0 0]
10000 10000
In epoch 158, loss: 0.159, val f1: 0.559 (best 0.584), test f1: 0.668 (best 0.682, M 0.823, R 0.830, P 0.578)
[0 0 0 ... 0 0 0]
10000 10000
In epoch 159, loss: 0.173, val f1: 0.525 (best 0.584), test f1: 0.649 (best 0.682, M 0.823, R 0.830, P 0.578)
[0 0 0 ... 0 0 0]
10000 10000
In epoch 160, loss: 0.160, val f1: 0.473 (best 0.584), test f1: 0.613 (best 0.682, M 0.823, R 0.830, P 0.578)
[0 0 0 ... 0 0 0]
10000 10000
In epoch 161, loss: 0.159, val f1: 0.447 (best 0.584), test f1: 0.594 (best 0.682, M 0.823, R 0.830, P 0.578)
[0 0 0 ... 0 0 0]
10000 10000
In epoch 162, loss: 0.159, val f1: 0.450 (best 0.584), test f1: 0.595 (best 0.682, M 0.823, R 0.830, P 0.578)
[0 0 0 ... 0 0 0]
10000 10000
In epoch 163, loss: 0.169, val f1: 0.484 (best 0.584), test f1: 0.618 (best 0.682, M 0.823, R 0.830, P 0.578)
[0 0 0 ... 0 0 0]
10000 10000
In epoch 164, loss: 0.154, val f1: 0.530 (best 0.584), test f1: 0.649 (best 0.682, M 0.823, R 0.830, P 0.578)
[0 0 0 ... 0 0 0]
10000 10000
In epoch 165, loss: 0.165, val f1: 0.526 (best 0.584), test f1: 0.647 (best 0.682, M 0.823, R 0.830, P 0.578)
[0 0 0 ... 0 0 0]
10000 10000
In epoch 166, loss: 0.159, val f1: 0.495 (best 0.584), test f1: 0.626 (best 0.682, M 0.823, R 0.830, P 0.578)
[0 0 0 ... 0 0 0]
10000 10000
In epoch 167, loss: 0.161, val f1: 0.454 (best 0.584), test f1: 0.602 (best 0.682, M 0.823, R 0.830, P 0.578)
[0 0 0 ... 0 0 0]
10000 10000
In epoch 168, loss: 0.165, val f1: 0.443 (best 0.584), test f1: 0.591 (best 0.682, M 0.823, R 0.830, P 0.578)
[0 0 0 ... 0 0 0]
10000 10000
In epoch 169, loss: 0.150, val f1: 0.468 (best 0.584), test f1: 0.609 (best 0.682, M 0.823, R 0.830, P 0.578)
[0 0 0 ... 0 0 0]
10000 10000
In epoch 170, loss: 0.164, val f1: 0.509 (best 0.584), test f1: 0.639 (best 0.682, M 0.823, R 0.830, P 0.578)
[0 0 0 ... 0 0 0]
10000 10000
In epoch 171, loss: 0.152, val f1: 0.528 (best 0.584), test f1: 0.653 (best 0.682, M 0.823, R 0.830, P 0.578)
[0 0 0 ... 0 0 0]
10000 10000
In epoch 172, loss: 0.169, val f1: 0.506 (best 0.584), test f1: 0.635 (best 0.682, M 0.823, R 0.830, P 0.578)
[0 0 0 ... 0 0 0]
10000 10000
Using backend: pytorch
In epoch 173, loss: 0.151, val f1: 0.470 (best 0.584), test f1: 0.611 (best 0.682, M 0.823, R 0.830, P 0.578)
[0 0 0 ... 0 0 0]
10000 10000
In epoch 174, loss: 0.152, val f1: 0.464 (best 0.584), test f1: 0.606 (best 0.682, M 0.823, R 0.830, P 0.578)
[0 0 0 ... 0 0 0]
10000 10000
In epoch 175, loss: 0.160, val f1: 0.500 (best 0.584), test f1: 0.629 (best 0.682, M 0.823, R 0.830, P 0.578)
[0 0 0 ... 0 0 0]
10000 10000
In epoch 176, loss: 0.154, val f1: 0.519 (best 0.584), test f1: 0.645 (best 0.682, M 0.823, R 0.830, P 0.578)
[0 0 0 ... 0 0 0]
10000 10000
In epoch 177, loss: 0.162, val f1: 0.520 (best 0.584), test f1: 0.647 (best 0.682, M 0.823, R 0.830, P 0.578)
[0 0 0 ... 0 0 0]
10000 10000
In epoch 178, loss: 0.163, val f1: 0.503 (best 0.584), test f1: 0.638 (best 0.682, M 0.823, R 0.830, P 0.578)
[0 0 0 ... 0 0 0]
10000 10000
In epoch 179, loss: 0.150, val f1: 0.485 (best 0.584), test f1: 0.628 (best 0.682, M 0.823, R 0.830, P 0.578)
[0 0 0 ... 0 0 0]
10000 10000
In epoch 180, loss: 0.182, val f1: 0.464 (best 0.584), test f1: 0.612 (best 0.682, M 0.823, R 0.830, P 0.578)
[0 0 0 ... 0 0 0]
10000 10000
In epoch 181, loss: 0.153, val f1: 0.458 (best 0.584), test f1: 0.606 (best 0.682, M 0.823, R 0.830, P 0.578)
[0 0 0 ... 0 0 0]
10000 10000
In epoch 182, loss: 0.150, val f1: 0.496 (best 0.584), test f1: 0.630 (best 0.682, M 0.823, R 0.830, P 0.578)
[0 0 0 ... 0 0 0]
10000 10000
In epoch 183, loss: 0.144, val f1: 0.532 (best 0.584), test f1: 0.656 (best 0.682, M 0.823, R 0.830, P 0.578)
[0 0 0 ... 0 0 0]
10000 10000
In epoch 184, loss: 0.148, val f1: 0.526 (best 0.584), test f1: 0.651 (best 0.682, M 0.823, R 0.830, P 0.578)
[0 0 0 ... 0 0 0]
10000 10000
In epoch 185, loss: 0.156, val f1: 0.496 (best 0.584), test f1: 0.625 (best 0.682, M 0.823, R 0.830, P 0.578)
[0 0 0 ... 0 0 0]
10000 10000
In epoch 186, loss: 0.153, val f1: 0.477 (best 0.584), test f1: 0.613 (best 0.682, M 0.823, R 0.830, P 0.578)
[0 0 0 ... 0 0 0]
10000 10000
In epoch 187, loss: 0.162, val f1: 0.485 (best 0.584), test f1: 0.618 (best 0.682, M 0.823, R 0.830, P 0.578)
[0 0 0 ... 0 0 0]
10000 10000
In epoch 188, loss: 0.152, val f1: 0.512 (best 0.584), test f1: 0.642 (best 0.682, M 0.823, R 0.830, P 0.578)
[0 0 0 ... 0 0 0]
10000 10000
In epoch 189, loss: 0.153, val f1: 0.532 (best 0.584), test f1: 0.659 (best 0.682, M 0.823, R 0.830, P 0.578)
[0 0 0 ... 0 0 0]
10000 10000
In epoch 190, loss: 0.146, val f1: 0.512 (best 0.584), test f1: 0.645 (best 0.682, M 0.823, R 0.830, P 0.578)
[0 0 0 ... 0 0 0]
10000 10000
In epoch 191, loss: 0.146, val f1: 0.459 (best 0.584), test f1: 0.605 (best 0.682, M 0.823, R 0.830, P 0.578)
[0 0 0 ... 0 0 0]
10000 10000
In epoch 192, loss: 0.153, val f1: 0.467 (best 0.584), test f1: 0.611 (best 0.682, M 0.823, R 0.830, P 0.578)
[0 0 0 ... 0 0 0]
10000 10000
In epoch 193, loss: 0.150, val f1: 0.510 (best 0.584), test f1: 0.640 (best 0.682, M 0.823, R 0.830, P 0.578)
[0 0 0 ... 0 0 0]
10000 10000
In epoch 194, loss: 0.152, val f1: 0.544 (best 0.584), test f1: 0.670 (best 0.682, M 0.823, R 0.830, P 0.578)
[0 0 0 ... 0 0 0]
10000 10000
In epoch 195, loss: 0.161, val f1: 0.529 (best 0.584), test f1: 0.658 (best 0.682, M 0.823, R 0.830, P 0.578)
[0 0 0 ... 0 0 0]
10000 10000
In epoch 196, loss: 0.163, val f1: 0.467 (best 0.584), test f1: 0.618 (best 0.682, M 0.823, R 0.830, P 0.578)
[0 0 0 ... 0 0 0]
10000 10000
In epoch 197, loss: 0.145, val f1: 0.435 (best 0.584), test f1: 0.592 (best 0.682, M 0.823, R 0.830, P 0.578)
[0 0 0 ... 0 0 0]
10000 10000
In epoch 198, loss: 0.154, val f1: 0.443 (best 0.584), test f1: 0.601 (best 0.682, M 0.823, R 0.830, P 0.578)
[0 0 0 ... 0 0 0]
10000 10000
In epoch 199, loss: 0.162, val f1: 0.510 (best 0.584), test f1: 0.646 (best 0.682, M 0.823, R 0.830, P 0.578)
